Build started 2019-02-12 오후 6:58:11.
     1>Project "C:\Users\ksj\Documents\Visual Studio 2013\Projects\shin\final\final\final.vcxproj" on node 2 (Build target(s)).
     1>ClCompile:
         C:\Program Files (x86)\Microsoft Visual Studio 12.0\VC\bin\CL.exe /c /I"C:\Program Files (x86)\SimLab\RoboticsLab\include" /ZI /nologo /W3 /WX- /Od /Oy- /D WIN32 /D _DEBUG /D _CONSOLE /D _WINDOWS /D USING_NAMESPACE_RTERM /D _UNICODE /D UNICODE /Gm /EHsc /RTC1 /MDd /GS /fp:precise /Zc:wchar_t /Zc:forScope /Fo"Debug\\" /Fd"Debug\vc120.pdb" /Gd /TP /analyze- /errorReport:prompt final.cpp stdafx.cpp
         stdafx.cpp
         final.cpp
     1>c:\users\ksj\documents\visual studio 2013\projects\shin\final\final\final.cpp(119): warning C4305: 'argument' : truncation from 'double' to 'float'
         Generating Code...
       Link:
         C:\Program Files (x86)\Microsoft Visual Studio 12.0\VC\bin\link.exe /ERRORREPORT:PROMPT /OUT:"C:\Users\ksj\Documents\Visual Studio 2013\Projects\shin\final\Debug\/final.exe" /INCREMENTAL /NOLOGO /LIBPATH:"C:\Program Files (x86)\SimLab\RoboticsLab\lib" rxSDK_12d.lib rMath_12d.lib rTerm_12d.lib kernel32.lib user32.lib gdi32.lib winspool.lib comdlg32.lib advapi32.lib shell32.lib ole32.lib oleaut32.lib uuid.lib odbc32.lib odbccp32.lib /MANIFEST /MANIFESTUAC:"level='asInvoker' uiAccess='false'" /manifest:embed /DEBUG /PDB:"C:\Users\ksj\Documents\Visual Studio 2013\Projects\shin\final\Debug\final.pdb" /SUBSYSTEM:CONSOLE /TLBID:1 /DYNAMICBASE /NXCOMPAT /IMPLIB:"C:\Users\ksj\Documents\Visual Studio 2013\Projects\shin\final\Debug\final.lib" /MACHINE:X86 Debug\final.obj
         Debug\stdafx.obj
     1>LINK : warning LNK4098: defaultlib 'MSVCRT' conflicts with use of other libs; use /NODEFAULTLIB:library
     1>rxSDK_12d.lib(kaiSocket.obj) : warning LNK4099: PDB 'vc120.pdb' was not found with 'rxSDK_12d.lib(kaiSocket.obj)' or at 'C:\Users\ksj\Documents\Visual Studio 2013\Projects\shin\final\Debug\vc120.pdb'; linking object as if no debug info
     1>rxSDK_12d.lib(kaiServer.obj) : warning LNK4099: PDB 'vc120.pdb' was not found with 'rxSDK_12d.lib(kaiServer.obj)' or at 'C:\Users\ksj\Documents\Visual Studio 2013\Projects\shin\final\Debug\vc120.pdb'; linking object as if no debug info
     1>rxSDK_12d.lib(kaiMsg.obj) : warning LNK4099: PDB 'vc120.pdb' was not found with 'rxSDK_12d.lib(kaiMsg.obj)' or at 'C:\Users\ksj\Documents\Visual Studio 2013\Projects\shin\final\Debug\vc120.pdb'; linking object as if no debug info
     1>rxSDK_12d.lib(kaiIDGenerator.obj) : warning LNK4099: PDB 'vc120.pdb' was not found with 'rxSDK_12d.lib(kaiIDGenerator.obj)' or at 'C:\Users\ksj\Documents\Visual Studio 2013\Projects\shin\final\Debug\vc120.pdb'; linking object as if no debug info
     1>rxSDK_12d.lib(kaiFunction.obj) : warning LNK4099: PDB 'vc120.pdb' was not found with 'rxSDK_12d.lib(kaiFunction.obj)' or at 'C:\Users\ksj\Documents\Visual Studio 2013\Projects\shin\final\Debug\vc120.pdb'; linking object as if no debug info
     1>rxSDK_12d.lib(kaiBuffer.obj) : warning LNK4099: PDB 'vc120.pdb' was not found with 'rxSDK_12d.lib(kaiBuffer.obj)' or at 'C:\Users\ksj\Documents\Visual Studio 2013\Projects\shin\final\Debug\vc120.pdb'; linking object as if no debug info
     1>rxSDK_12d.lib(kai.obj) : warning LNK4099: PDB 'vc120.pdb' was not found with 'rxSDK_12d.lib(kai.obj)' or at 'C:\Users\ksj\Documents\Visual Studio 2013\Projects\shin\final\Debug\vc120.pdb'; linking object as if no debug info
     1>rxSDK_12d.lib(Actuator.obj) : warning LNK4099: PDB 'rcore_12d.pdb' was not found with 'rxSDK_12d.lib(Actuator.obj)' or at 'C:\Users\ksj\Documents\Visual Studio 2013\Projects\shin\final\Debug\rcore_12d.pdb'; linking object as if no debug info
     1>rxSDK_12d.lib(AMLTree.obj) : warning LNK4099: PDB 'rcore_12d.pdb' was not found with 'rxSDK_12d.lib(AMLTree.obj)' or at 'C:\Users\ksj\Documents\Visual Studio 2013\Projects\shin\final\Debug\rcore_12d.pdb'; linking object as if no debug info
     1>rxSDK_12d.lib(Body.obj) : warning LNK4099: PDB 'rcore_12d.pdb' was not found with 'rxSDK_12d.lib(Body.obj)' or at 'C:\Users\ksj\Documents\Visual Studio 2013\Projects\shin\final\Debug\rcore_12d.pdb'; linking object as if no debug info
     1>rxSDK_12d.lib(DynamicParameters.obj) : warning LNK4099: PDB 'rcore_12d.pdb' was not found with 'rxSDK_12d.lib(DynamicParameters.obj)' or at 'C:\Users\ksj\Documents\Visual Studio 2013\Projects\shin\final\Debug\rcore_12d.pdb'; linking object as if no debug info
     1>rxSDK_12d.lib(rCustomAlgorithmAPIImpl.obj) : warning LNK4099: PDB 'rcore_12d.pdb' was not found with 'rxSDK_12d.lib(rCustomAlgorithmAPIImpl.obj)' or at 'C:\Users\ksj\Documents\Visual Studio 2013\Projects\shin\final\Debug\rcore_12d.pdb'; linking object as if no debug info
     1>rxSDK_12d.lib(Stiffness.obj) : warning LNK4099: PDB 'rcore_12d.pdb' was not found with 'rxSDK_12d.lib(Stiffness.obj)' or at 'C:\Users\ksj\Documents\Visual Studio 2013\Projects\shin\final\Debug\rcore_12d.pdb'; linking object as if no debug info
     1>rxSDK_12d.lib(Subsys.obj) : warning LNK4099: PDB 'rcore_12d.pdb' was not found with 'rxSDK_12d.lib(Subsys.obj)' or at 'C:\Users\ksj\Documents\Visual Studio 2013\Projects\shin\final\Debug\rcore_12d.pdb'; linking object as if no debug info
     1>rxSDK_12d.lib(World.obj) : warning LNK4099: PDB 'rcore_12d.pdb' was not found with 'rxSDK_12d.lib(World.obj)' or at 'C:\Users\ksj\Documents\Visual Studio 2013\Projects\shin\final\Debug\rcore_12d.pdb'; linking object as if no debug info
     1>rxSDK_12d.lib(BodyDriver.obj) : warning LNK4099: PDB 'rcore_12d.pdb' was not found with 'rxSDK_12d.lib(BodyDriver.obj)' or at 'C:\Users\ksj\Documents\Visual Studio 2013\Projects\shin\final\Debug\rcore_12d.pdb'; linking object as if no debug info
     1>rxSDK_12d.lib(CompositeJoint.obj) : warning LNK4099: PDB 'rcore_12d.pdb' was not found with 'rxSDK_12d.lib(CompositeJoint.obj)' or at 'C:\Users\ksj\Documents\Visual Studio 2013\Projects\shin\final\Debug\rcore_12d.pdb'; linking object as if no debug info
     1>rxSDK_12d.lib(CustomJoint.obj) : warning LNK4099: PDB 'rcore_12d.pdb' was not found with 'rxSDK_12d.lib(CustomJoint.obj)' or at 'C:\Users\ksj\Documents\Visual Studio 2013\Projects\shin\final\Debug\rcore_12d.pdb'; linking object as if no debug info
     1>rxSDK_12d.lib(CylindricalJoint.obj) : warning LNK4099: PDB 'rcore_12d.pdb' was not found with 'rxSDK_12d.lib(CylindricalJoint.obj)' or at 'C:\Users\ksj\Documents\Visual Studio 2013\Projects\shin\final\Debug\rcore_12d.pdb'; linking object as if no debug info
     1>rxSDK_12d.lib(FixedJoint.obj) : warning LNK4099: PDB 'rcore_12d.pdb' was not found with 'rxSDK_12d.lib(FixedJoint.obj)' or at 'C:\Users\ksj\Documents\Visual Studio 2013\Projects\shin\final\Debug\rcore_12d.pdb'; linking object as if no debug info
     1>rxSDK_12d.lib(FloatingJoint.obj) : warning LNK4099: PDB 'rcore_12d.pdb' was not found with 'rxSDK_12d.lib(FloatingJoint.obj)' or at 'C:\Users\ksj\Documents\Visual Studio 2013\Projects\shin\final\Debug\rcore_12d.pdb'; linking object as if no debug info
     1>rxSDK_12d.lib(Joint.obj) : warning LNK4099: PDB 'rcore_12d.pdb' was not found with 'rxSDK_12d.lib(Joint.obj)' or at 'C:\Users\ksj\Documents\Visual Studio 2013\Projects\shin\final\Debug\rcore_12d.pdb'; linking object as if no debug info
     1>rxSDK_12d.lib(PrismaticJoint.obj) : warning LNK4099: PDB 'rcore_12d.pdb' was not found with 'rxSDK_12d.lib(PrismaticJoint.obj)' or at 'C:\Users\ksj\Documents\Visual Studio 2013\Projects\shin\final\Debug\rcore_12d.pdb'; linking object as if no debug info
     1>rxSDK_12d.lib(RevoluteJoint.obj) : warning LNK4099: PDB 'rcore_12d.pdb' was not found with 'rxSDK_12d.lib(RevoluteJoint.obj)' or at 'C:\Users\ksj\Documents\Visual Studio 2013\Projects\shin\final\Debug\rcore_12d.pdb'; linking object as if no debug info
     1>rxSDK_12d.lib(SphericalJoint.obj) : warning LNK4099: PDB 'rcore_12d.pdb' was not found with 'rxSDK_12d.lib(SphericalJoint.obj)' or at 'C:\Users\ksj\Documents\Visual Studio 2013\Projects\shin\final\Debug\rcore_12d.pdb'; linking object as if no debug info
     1>rxSDK_12d.lib(UniversalJoint.obj) : warning LNK4099: PDB 'rcore_12d.pdb' was not found with 'rxSDK_12d.lib(UniversalJoint.obj)' or at 'C:\Users\ksj\Documents\Visual Studio 2013\Projects\shin\final\Debug\rcore_12d.pdb'; linking object as if no debug info
     1>rxSDK_12d.lib(Constraint.obj) : warning LNK4099: PDB 'rcore_12d.pdb' was not found with 'rxSDK_12d.lib(Constraint.obj)' or at 'C:\Users\ksj\Documents\Visual Studio 2013\Projects\shin\final\Debug\rcore_12d.pdb'; linking object as if no debug info
     1>rxSDK_12d.lib(ConstraintResolution.obj) : warning LNK4099: PDB 'rcore_12d.pdb' was not found with 'rxSDK_12d.lib(ConstraintResolution.obj)' or at 'C:\Users\ksj\Documents\Visual Studio 2013\Projects\shin\final\Debug\rcore_12d.pdb'; linking object as if no debug info
     1>rxSDK_12d.lib(ConstraintSet.obj) : warning LNK4099: PDB 'rcore_12d.pdb' was not found with 'rxSDK_12d.lib(ConstraintSet.obj)' or at 'C:\Users\ksj\Documents\Visual Studio 2013\Projects\shin\final\Debug\rcore_12d.pdb'; linking object as if no debug info
     1>rxSDK_12d.lib(Earthing.obj) : warning LNK4099: PDB 'rcore_12d.pdb' was not found with 'rxSDK_12d.lib(Earthing.obj)' or at 'C:\Users\ksj\Documents\Visual Studio 2013\Projects\shin\final\Debug\rcore_12d.pdb'; linking object as if no debug info
     1>rxSDK_12d.lib(JointConstraint.obj) : warning LNK4099: PDB 'rcore_12d.pdb' was not found with 'rxSDK_12d.lib(JointConstraint.obj)' or at 'C:\Users\ksj\Documents\Visual Studio 2013\Projects\shin\final\Debug\rcore_12d.pdb'; linking object as if no debug info
     1>rxSDK_12d.lib(JointConstraintSet.obj) : warning LNK4099: PDB 'rcore_12d.pdb' was not found with 'rxSDK_12d.lib(JointConstraintSet.obj)' or at 'C:\Users\ksj\Documents\Visual Studio 2013\Projects\shin\final\Debug\rcore_12d.pdb'; linking object as if no debug info
     1>rxSDK_12d.lib(Looping.obj) : warning LNK4099: PDB 'rcore_12d.pdb' was not found with 'rxSDK_12d.lib(Looping.obj)' or at 'C:\Users\ksj\Documents\Visual Studio 2013\Projects\shin\final\Debug\rcore_12d.pdb'; linking object as if no debug info
     1>rxSDK_12d.lib(AMLParser.obj) : warning LNK4099: PDB 'rcore_12d.pdb' was not found with 'rxSDK_12d.lib(AMLParser.obj)' or at 'C:\Users\ksj\Documents\Visual Studio 2013\Projects\shin\final\Debug\rcore_12d.pdb'; linking object as if no debug info
     1>rxSDK_12d.lib(DMLParser.obj) : warning LNK4099: PDB 'rcore_12d.pdb' was not found with 'rxSDK_12d.lib(DMLParser.obj)' or at 'C:\Users\ksj\Documents\Visual Studio 2013\Projects\shin\final\Debug\rcore_12d.pdb'; linking object as if no debug info
     1>rxSDK_12d.lib(EMLParser.obj) : warning LNK4099: PDB 'rcore_12d.pdb' was not found with 'rxSDK_12d.lib(EMLParser.obj)' or at 'C:\Users\ksj\Documents\Visual Studio 2013\Projects\shin\final\Debug\rcore_12d.pdb'; linking object as if no debug info
     1>rxSDK_12d.lib(rXMLParser.obj) : warning LNK4099: PDB 'rcore_12d.pdb' was not found with 'rxSDK_12d.lib(rXMLParser.obj)' or at 'C:\Users\ksj\Documents\Visual Studio 2013\Projects\shin\final\Debug\rcore_12d.pdb'; linking object as if no debug info
     1>rxSDK_12d.lib(XDLParser.obj) : warning LNK4099: PDB 'rcore_12d.pdb' was not found with 'rxSDK_12d.lib(XDLParser.obj)' or at 'C:\Users\ksj\Documents\Visual Studio 2013\Projects\shin\final\Debug\rcore_12d.pdb'; linking object as if no debug info
     1>rxSDK_12d.lib(HTransformInterpolator.obj) : warning LNK4099: PDB 'rcore_12d.pdb' was not found with 'rxSDK_12d.lib(HTransformInterpolator.obj)' or at 'C:\Users\ksj\Documents\Visual Studio 2013\Projects\shin\final\Debug\rcore_12d.pdb'; linking object as if no debug info
     1>rxSDK_12d.lib(Interpolator.obj) : warning LNK4099: PDB 'rcore_12d.pdb' was not found with 'rxSDK_12d.lib(Interpolator.obj)' or at 'C:\Users\ksj\Documents\Visual Studio 2013\Projects\shin\final\Debug\rcore_12d.pdb'; linking object as if no debug info
     1>rxSDK_12d.lib(VInterpolator.obj) : warning LNK4099: PDB 'rcore_12d.pdb' was not found with 'rxSDK_12d.lib(VInterpolator.obj)' or at 'C:\Users\ksj\Documents\Visual Studio 2013\Projects\shin\final\Debug\rcore_12d.pdb'; linking object as if no debug info
     1>rxSDK_12d.lib(IdGen.obj) : warning LNK4099: PDB 'rutilities_12d.pdb' was not found with 'rxSDK_12d.lib(IdGen.obj)' or at 'C:\Users\ksj\Documents\Visual Studio 2013\Projects\shin\final\Debug\rutilities_12d.pdb'; linking object as if no debug info
     1>rxSDK_12d.lib(Plugin.obj) : warning LNK4099: PDB 'rutilities_12d.pdb' was not found with 'rxSDK_12d.lib(Plugin.obj)' or at 'C:\Users\ksj\Documents\Visual Studio 2013\Projects\shin\final\Debug\rutilities_12d.pdb'; linking object as if no debug info
     1>rxSDK_12d.lib(StringHelper.obj) : warning LNK4099: PDB 'rutilities_12d.pdb' was not found with 'rxSDK_12d.lib(StringHelper.obj)' or at 'C:\Users\ksj\Documents\Visual Studio 2013\Projects\shin\final\Debug\rutilities_12d.pdb'; linking object as if no debug info
     1>rxSDK_12d.lib(Anchor.obj) : warning LNK4099: PDB 'rvrml_12d.pdb' was not found with 'rxSDK_12d.lib(Anchor.obj)' or at 'C:\Users\ksj\Documents\Visual Studio 2013\Projects\shin\final\Debug\rvrml_12d.pdb'; linking object as if no debug info
     1>rxSDK_12d.lib(Appearance.obj) : warning LNK4099: PDB 'rvrml_12d.pdb' was not found with 'rxSDK_12d.lib(Appearance.obj)' or at 'C:\Users\ksj\Documents\Visual Studio 2013\Projects\shin\final\Debug\rvrml_12d.pdb'; linking object as if no debug info
     1>rxSDK_12d.lib(Background.obj) : warning LNK4099: PDB 'rvrml_12d.pdb' was not found with 'rxSDK_12d.lib(Background.obj)' or at 'C:\Users\ksj\Documents\Visual Studio 2013\Projects\shin\final\Debug\rvrml_12d.pdb'; linking object as if no debug info
     1>rxSDK_12d.lib(Box.obj) : warning LNK4099: PDB 'rvrml_12d.pdb' was not found with 'rxSDK_12d.lib(Box.obj)' or at 'C:\Users\ksj\Documents\Visual Studio 2013\Projects\shin\final\Debug\rvrml_12d.pdb'; linking object as if no debug info
     1>rxSDK_12d.lib(Color.obj) : warning LNK4099: PDB 'rvrml_12d.pdb' was not found with 'rxSDK_12d.lib(Color.obj)' or at 'C:\Users\ksj\Documents\Visual Studio 2013\Projects\shin\final\Debug\rvrml_12d.pdb'; linking object as if no debug info
     1>rxSDK_12d.lib(ColorInterpolator.obj) : warning LNK4099: PDB 'rvrml_12d.pdb' was not found with 'rxSDK_12d.lib(ColorInterpolator.obj)' or at 'C:\Users\ksj\Documents\Visual Studio 2013\Projects\shin\final\Debug\rvrml_12d.pdb'; linking object as if no debug info
     1>rxSDK_12d.lib(Cone.obj) : warning LNK4099: PDB 'rvrml_12d.pdb' was not found with 'rxSDK_12d.lib(Cone.obj)' or at 'C:\Users\ksj\Documents\Visual Studio 2013\Projects\shin\final\Debug\rvrml_12d.pdb'; linking object as if no debug info
     1>rxSDK_12d.lib(Coordinate.obj) : warning LNK4099: PDB 'rvrml_12d.pdb' was not found with 'rxSDK_12d.lib(Coordinate.obj)' or at 'C:\Users\ksj\Documents\Visual Studio 2013\Projects\shin\final\Debug\rvrml_12d.pdb'; linking object as if no debug info
     1>rxSDK_12d.lib(CoordinateInterpolator.obj) : warning LNK4099: PDB 'rvrml_12d.pdb' was not found with 'rxSDK_12d.lib(CoordinateInterpolator.obj)' or at 'C:\Users\ksj\Documents\Visual Studio 2013\Projects\shin\final\Debug\rvrml_12d.pdb'; linking object as if no debug info
     1>rxSDK_12d.lib(Cylinder.obj) : warning LNK4099: PDB 'rvrml_12d.pdb' was not found with 'rxSDK_12d.lib(Cylinder.obj)' or at 'C:\Users\ksj\Documents\Visual Studio 2013\Projects\shin\final\Debug\rvrml_12d.pdb'; linking object as if no debug info
     1>rxSDK_12d.lib(CylinderSensor.obj) : warning LNK4099: PDB 'rvrml_12d.pdb' was not found with 'rxSDK_12d.lib(CylinderSensor.obj)' or at 'C:\Users\ksj\Documents\Visual Studio 2013\Projects\shin\final\Debug\rvrml_12d.pdb'; linking object as if no debug info
     1>rxSDK_12d.lib(DB.obj) : warning LNK4099: PDB 'rvrml_12d.pdb' was not found with 'rxSDK_12d.lib(DB.obj)' or at 'C:\Users\ksj\Documents\Visual Studio 2013\Projects\shin\final\Debug\rvrml_12d.pdb'; linking object as if no debug info
     1>rxSDK_12d.lib(DirectionalLight.obj) : warning LNK4099: PDB 'rvrml_12d.pdb' was not found with 'rxSDK_12d.lib(DirectionalLight.obj)' or at 'C:\Users\ksj\Documents\Visual Studio 2013\Projects\shin\final\Debug\rvrml_12d.pdb'; linking object as if no debug info
     1>rxSDK_12d.lib(Field.obj) : warning LNK4099: PDB 'rvrml_12d.pdb' was not found with 'rxSDK_12d.lib(Field.obj)' or at 'C:\Users\ksj\Documents\Visual Studio 2013\Projects\shin\final\Debug\rvrml_12d.pdb'; linking object as if no debug info
     1>rxSDK_12d.lib(Group.obj) : warning LNK4099: PDB 'rvrml_12d.pdb' was not found with 'rxSDK_12d.lib(Group.obj)' or at 'C:\Users\ksj\Documents\Visual Studio 2013\Projects\shin\final\Debug\rvrml_12d.pdb'; linking object as if no debug info
     1>rxSDK_12d.lib(ImageTexture.obj) : warning LNK4099: PDB 'rvrml_12d.pdb' was not found with 'rxSDK_12d.lib(ImageTexture.obj)' or at 'C:\Users\ksj\Documents\Visual Studio 2013\Projects\shin\final\Debug\rvrml_12d.pdb'; linking object as if no debug info
     1>rxSDK_12d.lib(IndexedFaceSet.obj) : warning LNK4099: PDB 'rvrml_12d.pdb' was not found with 'rxSDK_12d.lib(IndexedFaceSet.obj)' or at 'C:\Users\ksj\Documents\Visual Studio 2013\Projects\shin\final\Debug\rvrml_12d.pdb'; linking object as if no debug info
     1>rxSDK_12d.lib(IndexedLineSet.obj) : warning LNK4099: PDB 'rvrml_12d.pdb' was not found with 'rxSDK_12d.lib(IndexedLineSet.obj)' or at 'C:\Users\ksj\Documents\Visual Studio 2013\Projects\shin\final\Debug\rvrml_12d.pdb'; linking object as if no debug info
     1>rxSDK_12d.lib(Material.obj) : warning LNK4099: PDB 'rvrml_12d.pdb' was not found with 'rxSDK_12d.lib(Material.obj)' or at 'C:\Users\ksj\Documents\Visual Studio 2013\Projects\shin\final\Debug\rvrml_12d.pdb'; linking object as if no debug info
     1>rxSDK_12d.lib(MFColor.obj) : warning LNK4099: PDB 'rvrml_12d.pdb' was not found with 'rxSDK_12d.lib(MFColor.obj)' or at 'C:\Users\ksj\Documents\Visual Studio 2013\Projects\shin\final\Debug\rvrml_12d.pdb'; linking object as if no debug info
     1>rxSDK_12d.lib(MFFloat.obj) : warning LNK4099: PDB 'rvrml_12d.pdb' was not found with 'rxSDK_12d.lib(MFFloat.obj)' or at 'C:\Users\ksj\Documents\Visual Studio 2013\Projects\shin\final\Debug\rvrml_12d.pdb'; linking object as if no debug info
     1>rxSDK_12d.lib(MFInt32.obj) : warning LNK4099: PDB 'rvrml_12d.pdb' was not found with 'rxSDK_12d.lib(MFInt32.obj)' or at 'C:\Users\ksj\Documents\Visual Studio 2013\Projects\shin\final\Debug\rvrml_12d.pdb'; linking object as if no debug info
     1>rxSDK_12d.lib(MFNode.obj) : warning LNK4099: PDB 'rvrml_12d.pdb' was not found with 'rxSDK_12d.lib(MFNode.obj)' or at 'C:\Users\ksj\Documents\Visual Studio 2013\Projects\shin\final\Debug\rvrml_12d.pdb'; linking object as if no debug info
     1>rxSDK_12d.lib(MFRotation.obj) : warning LNK4099: PDB 'rvrml_12d.pdb' was not found with 'rxSDK_12d.lib(MFRotation.obj)' or at 'C:\Users\ksj\Documents\Visual Studio 2013\Projects\shin\final\Debug\rvrml_12d.pdb'; linking object as if no debug info
     1>rxSDK_12d.lib(MFString.obj) : warning LNK4099: PDB 'rvrml_12d.pdb' was not found with 'rxSDK_12d.lib(MFString.obj)' or at 'C:\Users\ksj\Documents\Visual Studio 2013\Projects\shin\final\Debug\rvrml_12d.pdb'; linking object as if no debug info
     1>rxSDK_12d.lib(MFVec2f.obj) : warning LNK4099: PDB 'rvrml_12d.pdb' was not found with 'rxSDK_12d.lib(MFVec2f.obj)' or at 'C:\Users\ksj\Documents\Visual Studio 2013\Projects\shin\final\Debug\rvrml_12d.pdb'; linking object as if no debug info
     1>rxSDK_12d.lib(MFVec3f.obj) : warning LNK4099: PDB 'rvrml_12d.pdb' was not found with 'rxSDK_12d.lib(MFVec3f.obj)' or at 'C:\Users\ksj\Documents\Visual Studio 2013\Projects\shin\final\Debug\rvrml_12d.pdb'; linking object as if no debug info
     1>rxSDK_12d.lib(NavigationInfo.obj) : warning LNK4099: PDB 'rvrml_12d.pdb' was not found with 'rxSDK_12d.lib(NavigationInfo.obj)' or at 'C:\Users\ksj\Documents\Visual Studio 2013\Projects\shin\final\Debug\rvrml_12d.pdb'; linking object as if no debug info
     1>rxSDK_12d.lib(Node.obj) : warning LNK4099: PDB 'rvrml_12d.pdb' was not found with 'rxSDK_12d.lib(Node.obj)' or at 'C:\Users\ksj\Documents\Visual Studio 2013\Projects\shin\final\Debug\rvrml_12d.pdb'; linking object as if no debug info
     1>rxSDK_12d.lib(Normal.obj) : warning LNK4099: PDB 'rvrml_12d.pdb' was not found with 'rxSDK_12d.lib(Normal.obj)' or at 'C:\Users\ksj\Documents\Visual Studio 2013\Projects\shin\final\Debug\rvrml_12d.pdb'; linking object as if no debug info
     1>rxSDK_12d.lib(NormalInterpolator.obj) : warning LNK4099: PDB 'rvrml_12d.pdb' was not found with 'rxSDK_12d.lib(NormalInterpolator.obj)' or at 'C:\Users\ksj\Documents\Visual Studio 2013\Projects\shin\final\Debug\rvrml_12d.pdb'; linking object as if no debug info
     1>rxSDK_12d.lib(OrientationInterpolator.obj) : warning LNK4099: PDB 'rvrml_12d.pdb' was not found with 'rxSDK_12d.lib(OrientationInterpolator.obj)' or at 'C:\Users\ksj\Documents\Visual Studio 2013\Projects\shin\final\Debug\rvrml_12d.pdb'; linking object as if no debug info
     1>rxSDK_12d.lib(PlaneSensor.obj) : warning LNK4099: PDB 'rvrml_12d.pdb' was not found with 'rxSDK_12d.lib(PlaneSensor.obj)' or at 'C:\Users\ksj\Documents\Visual Studio 2013\Projects\shin\final\Debug\rvrml_12d.pdb'; linking object as if no debug info
     1>rxSDK_12d.lib(PointLight.obj) : warning LNK4099: PDB 'rvrml_12d.pdb' was not found with 'rxSDK_12d.lib(PointLight.obj)' or at 'C:\Users\ksj\Documents\Visual Studio 2013\Projects\shin\final\Debug\rvrml_12d.pdb'; linking object as if no debug info
     1>rxSDK_12d.lib(PositionInterpolator.obj) : warning LNK4099: PDB 'rvrml_12d.pdb' was not found with 'rxSDK_12d.lib(PositionInterpolator.obj)' or at 'C:\Users\ksj\Documents\Visual Studio 2013\Projects\shin\final\Debug\rvrml_12d.pdb'; linking object as if no debug info
     1>rxSDK_12d.lib(ProximitySensor.obj) : warning LNK4099: PDB 'rvrml_12d.pdb' was not found with 'rxSDK_12d.lib(ProximitySensor.obj)' or at 'C:\Users\ksj\Documents\Visual Studio 2013\Projects\shin\final\Debug\rvrml_12d.pdb'; linking object as if no debug info
     1>rxSDK_12d.lib(ReadHandler.obj) : warning LNK4099: PDB 'rvrml_12d.pdb' was not found with 'rxSDK_12d.lib(ReadHandler.obj)' or at 'C:\Users\ksj\Documents\Visual Studio 2013\Projects\shin\final\Debug\rvrml_12d.pdb'; linking object as if no debug info
     1>rxSDK_12d.lib(ScalarInterpolator.obj) : warning LNK4099: PDB 'rvrml_12d.pdb' was not found with 'rxSDK_12d.lib(ScalarInterpolator.obj)' or at 'C:\Users\ksj\Documents\Visual Studio 2013\Projects\shin\final\Debug\rvrml_12d.pdb'; linking object as if no debug info
     1>rxSDK_12d.lib(SFBool.obj) : warning LNK4099: PDB 'rvrml_12d.pdb' was not found with 'rxSDK_12d.lib(SFBool.obj)' or at 'C:\Users\ksj\Documents\Visual Studio 2013\Projects\shin\final\Debug\rvrml_12d.pdb'; linking object as if no debug info
     1>rxSDK_12d.lib(SFColor.obj) : warning LNK4099: PDB 'rvrml_12d.pdb' was not found with 'rxSDK_12d.lib(SFColor.obj)' or at 'C:\Users\ksj\Documents\Visual Studio 2013\Projects\shin\final\Debug\rvrml_12d.pdb'; linking object as if no debug info
     1>rxSDK_12d.lib(SFFloat.obj) : warning LNK4099: PDB 'rvrml_12d.pdb' was not found with 'rxSDK_12d.lib(SFFloat.obj)' or at 'C:\Users\ksj\Documents\Visual Studio 2013\Projects\shin\final\Debug\rvrml_12d.pdb'; linking object as if no debug info
     1>rxSDK_12d.lib(SFInt32.obj) : warning LNK4099: PDB 'rvrml_12d.pdb' was not found with 'rxSDK_12d.lib(SFInt32.obj)' or at 'C:\Users\ksj\Documents\Visual Studio 2013\Projects\shin\final\Debug\rvrml_12d.pdb'; linking object as if no debug info
     1>rxSDK_12d.lib(SFNode.obj) : warning LNK4099: PDB 'rvrml_12d.pdb' was not found with 'rxSDK_12d.lib(SFNode.obj)' or at 'C:\Users\ksj\Documents\Visual Studio 2013\Projects\shin\final\Debug\rvrml_12d.pdb'; linking object as if no debug info
     1>rxSDK_12d.lib(SFRotation.obj) : warning LNK4099: PDB 'rvrml_12d.pdb' was not found with 'rxSDK_12d.lib(SFRotation.obj)' or at 'C:\Users\ksj\Documents\Visual Studio 2013\Projects\shin\final\Debug\rvrml_12d.pdb'; linking object as if no debug info
     1>rxSDK_12d.lib(SFString.obj) : warning LNK4099: PDB 'rvrml_12d.pdb' was not found with 'rxSDK_12d.lib(SFString.obj)' or at 'C:\Users\ksj\Documents\Visual Studio 2013\Projects\shin\final\Debug\rvrml_12d.pdb'; linking object as if no debug info
     1>rxSDK_12d.lib(SFTime.obj) : warning LNK4099: PDB 'rvrml_12d.pdb' was not found with 'rxSDK_12d.lib(SFTime.obj)' or at 'C:\Users\ksj\Documents\Visual Studio 2013\Projects\shin\final\Debug\rvrml_12d.pdb'; linking object as if no debug info
     1>rxSDK_12d.lib(SFVec2f.obj) : warning LNK4099: PDB 'rvrml_12d.pdb' was not found with 'rxSDK_12d.lib(SFVec2f.obj)' or at 'C:\Users\ksj\Documents\Visual Studio 2013\Projects\shin\final\Debug\rvrml_12d.pdb'; linking object as if no debug info
     1>rxSDK_12d.lib(SFVec3f.obj) : warning LNK4099: PDB 'rvrml_12d.pdb' was not found with 'rxSDK_12d.lib(SFVec3f.obj)' or at 'C:\Users\ksj\Documents\Visual Studio 2013\Projects\shin\final\Debug\rvrml_12d.pdb'; linking object as if no debug info
     1>rxSDK_12d.lib(Shape.obj) : warning LNK4099: PDB 'rvrml_12d.pdb' was not found with 'rxSDK_12d.lib(Shape.obj)' or at 'C:\Users\ksj\Documents\Visual Studio 2013\Projects\shin\final\Debug\rvrml_12d.pdb'; linking object as if no debug info
     1>rxSDK_12d.lib(Sphere.obj) : warning LNK4099: PDB 'rvrml_12d.pdb' was not found with 'rxSDK_12d.lib(Sphere.obj)' or at 'C:\Users\ksj\Documents\Visual Studio 2013\Projects\shin\final\Debug\rvrml_12d.pdb'; linking object as if no debug info
     1>rxSDK_12d.lib(SphereSensor.obj) : warning LNK4099: PDB 'rvrml_12d.pdb' was not found with 'rxSDK_12d.lib(SphereSensor.obj)' or at 'C:\Users\ksj\Documents\Visual Studio 2013\Projects\shin\final\Debug\rvrml_12d.pdb'; linking object as if no debug info
     1>rxSDK_12d.lib(SpotLight.obj) : warning LNK4099: PDB 'rvrml_12d.pdb' was not found with 'rxSDK_12d.lib(SpotLight.obj)' or at 'C:\Users\ksj\Documents\Visual Studio 2013\Projects\shin\final\Debug\rvrml_12d.pdb'; linking object as if no debug info
     1>rxSDK_12d.lib(Switch.obj) : warning LNK4099: PDB 'rvrml_12d.pdb' was not found with 'rxSDK_12d.lib(Switch.obj)' or at 'C:\Users\ksj\Documents\Visual Studio 2013\Projects\shin\final\Debug\rvrml_12d.pdb'; linking object as if no debug info
     1>rxSDK_12d.lib(Text.obj) : warning LNK4099: PDB 'rvrml_12d.pdb' was not found with 'rxSDK_12d.lib(Text.obj)' or at 'C:\Users\ksj\Documents\Visual Studio 2013\Projects\shin\final\Debug\rvrml_12d.pdb'; linking object as if no debug info
     1>rxSDK_12d.lib(TextureCoordinate.obj) : warning LNK4099: PDB 'rvrml_12d.pdb' was not found with 'rxSDK_12d.lib(TextureCoordinate.obj)' or at 'C:\Users\ksj\Documents\Visual Studio 2013\Projects\shin\final\Debug\rvrml_12d.pdb'; linking object as if no debug info
     1>rxSDK_12d.lib(TextureTransform.obj) : warning LNK4099: PDB 'rvrml_12d.pdb' was not found with 'rxSDK_12d.lib(TextureTransform.obj)' or at 'C:\Users\ksj\Documents\Visual Studio 2013\Projects\shin\final\Debug\rvrml_12d.pdb'; linking object as if no debug info
     1>rxSDK_12d.lib(TimeSensor.obj) : warning LNK4099: PDB 'rvrml_12d.pdb' was not found with 'rxSDK_12d.lib(TimeSensor.obj)' or at 'C:\Users\ksj\Documents\Visual Studio 2013\Projects\shin\final\Debug\rvrml_12d.pdb'; linking object as if no debug info
     1>rxSDK_12d.lib(TouchSensor.obj) : warning LNK4099: PDB 'rvrml_12d.pdb' was not found with 'rxSDK_12d.lib(TouchSensor.obj)' or at 'C:\Users\ksj\Documents\Visual Studio 2013\Projects\shin\final\Debug\rvrml_12d.pdb'; linking object as if no debug info
     1>rxSDK_12d.lib(Transform.obj) : warning LNK4099: PDB 'rvrml_12d.pdb' was not found with 'rxSDK_12d.lib(Transform.obj)' or at 'C:\Users\ksj\Documents\Visual Studio 2013\Projects\shin\final\Debug\rvrml_12d.pdb'; linking object as if no debug info
     1>rxSDK_12d.lib(Viewpoint.obj) : warning LNK4099: PDB 'rvrml_12d.pdb' was not found with 'rxSDK_12d.lib(Viewpoint.obj)' or at 'C:\Users\ksj\Documents\Visual Studio 2013\Projects\shin\final\Debug\rvrml_12d.pdb'; linking object as if no debug info
     1>rxSDK_12d.lib(VisibilitySensor.obj) : warning LNK4099: PDB 'rvrml_12d.pdb' was not found with 'rxSDK_12d.lib(VisibilitySensor.obj)' or at 'C:\Users\ksj\Documents\Visual Studio 2013\Projects\shin\final\Debug\rvrml_12d.pdb'; linking object as if no debug info
     1>rxSDK_12d.lib(WorldInfo.obj) : warning LNK4099: PDB 'rvrml_12d.pdb' was not found with 'rxSDK_12d.lib(WorldInfo.obj)' or at 'C:\Users\ksj\Documents\Visual Studio 2013\Projects\shin\final\Debug\rvrml_12d.pdb'; linking object as if no debug info
     1>rxSDK_12d.lib(Color.obj) : warning LNK4099: PDB 'rtoolkit_12d.pdb' was not found with 'rxSDK_12d.lib(Color.obj)' or at 'C:\Users\ksj\Documents\Visual Studio 2013\Projects\shin\final\Debug\rtoolkit_12d.pdb'; linking object as if no debug info
     1>rxSDK_12d.lib(Rotation.obj) : warning LNK4099: PDB 'rtoolkit_12d.pdb' was not found with 'rxSDK_12d.lib(Rotation.obj)' or at 'C:\Users\ksj\Documents\Visual Studio 2013\Projects\shin\final\Debug\rtoolkit_12d.pdb'; linking object as if no debug info
     1>rxSDK_12d.lib(rxSystem.obj) : warning LNK4099: PDB 'rxcore_12d.pdb' was not found with 'rxSDK_12d.lib(rxSystem.obj)' or at 'C:\Users\ksj\Documents\Visual Studio 2013\Projects\shin\final\Debug\rxcore_12d.pdb'; linking object as if no debug info
     1>rxSDK_12d.lib(rxStiffness.obj) : warning LNK4099: PDB 'rxcore_12d.pdb' was not found with 'rxSDK_12d.lib(rxStiffness.obj)' or at 'C:\Users\ksj\Documents\Visual Studio 2013\Projects\shin\final\Debug\rxcore_12d.pdb'; linking object as if no debug info
     1>rxSDK_12d.lib(rxReturnCore.obj) : warning LNK4099: PDB 'rxcore_12d.pdb' was not found with 'rxSDK_12d.lib(rxReturnCore.obj)' or at 'C:\Users\ksj\Documents\Visual Studio 2013\Projects\shin\final\Debug\rxcore_12d.pdb'; linking object as if no debug info
     1>rxSDK_12d.lib(rxPrimitiveDesc.obj) : warning LNK4099: PDB 'rxcore_12d.pdb' was not found with 'rxSDK_12d.lib(rxPrimitiveDesc.obj)' or at 'C:\Users\ksj\Documents\Visual Studio 2013\Projects\shin\final\Debug\rxcore_12d.pdb'; linking object as if no debug info
     1>rxSDK_12d.lib(rxJointConstraint.obj) : warning LNK4099: PDB 'rxcore_12d.pdb' was not found with 'rxSDK_12d.lib(rxJointConstraint.obj)' or at 'C:\Users\ksj\Documents\Visual Studio 2013\Projects\shin\final\Debug\rxcore_12d.pdb'; linking object as if no debug info
     1>rxSDK_12d.lib(rxJoint.obj) : warning LNK4099: PDB 'rxcore_12d.pdb' was not found with 'rxSDK_12d.lib(rxJoint.obj)' or at 'C:\Users\ksj\Documents\Visual Studio 2013\Projects\shin\final\Debug\rxcore_12d.pdb'; linking object as if no debug info
     1>rxSDK_12d.lib(rxDevice.obj) : warning LNK4099: PDB 'rxcore_12d.pdb' was not found with 'rxSDK_12d.lib(rxDevice.obj)' or at 'C:\Users\ksj\Documents\Visual Studio 2013\Projects\shin\final\Debug\rxcore_12d.pdb'; linking object as if no debug info
     1>rxSDK_12d.lib(rxConstraint.obj) : warning LNK4099: PDB 'rxcore_12d.pdb' was not found with 'rxSDK_12d.lib(rxConstraint.obj)' or at 'C:\Users\ksj\Documents\Visual Studio 2013\Projects\shin\final\Debug\rxcore_12d.pdb'; linking object as if no debug info
     1>rxSDK_12d.lib(rxBody.obj) : warning LNK4099: PDB 'rxcore_12d.pdb' was not found with 'rxSDK_12d.lib(rxBody.obj)' or at 'C:\Users\ksj\Documents\Visual Studio 2013\Projects\shin\final\Debug\rxcore_12d.pdb'; linking object as if no debug info
     1>rxSDK_12d.lib(btAlignedAllocator.obj) : warning LNK4099: PDB 'libbulletmath_12d.pdb' was not found with 'rxSDK_12d.lib(btAlignedAllocator.obj)' or at 'C:\Users\ksj\Documents\Visual Studio 2013\Projects\shin\final\Debug\libbulletmath_12d.pdb'; linking object as if no debug info
     1>rxSDK_12d.lib(btConvexHull.obj) : warning LNK4099: PDB 'libbulletmath_12d.pdb' was not found with 'rxSDK_12d.lib(btConvexHull.obj)' or at 'C:\Users\ksj\Documents\Visual Studio 2013\Projects\shin\final\Debug\libbulletmath_12d.pdb'; linking object as if no debug info
     1>rxSDK_12d.lib(btConvexHullComputer.obj) : warning LNK4099: PDB 'libbulletmath_12d.pdb' was not found with 'rxSDK_12d.lib(btConvexHullComputer.obj)' or at 'C:\Users\ksj\Documents\Visual Studio 2013\Projects\shin\final\Debug\libbulletmath_12d.pdb'; linking object as if no debug info
     1>rxSDK_12d.lib(btQuickprof.obj) : warning LNK4099: PDB 'libbulletmath_12d.pdb' was not found with 'rxSDK_12d.lib(btQuickprof.obj)' or at 'C:\Users\ksj\Documents\Visual Studio 2013\Projects\shin\final\Debug\libbulletmath_12d.pdb'; linking object as if no debug info
     1>rxSDK_12d.lib(btBoxPlaneCollisionAlgorithm.obj) : warning LNK4099: PDB 'libbulletcollision_12d.pdb' was not found with 'rxSDK_12d.lib(btBoxPlaneCollisionAlgorithm.obj)' or at 'C:\Users\ksj\Documents\Visual Studio 2013\Projects\shin\final\Debug\libbulletcollision_12d.pdb'; linking object as if no debug info
     1>rxSDK_12d.lib(btCollisionAlgorithm.obj) : warning LNK4099: PDB 'libbulletcollision_12d.pdb' was not found with 'rxSDK_12d.lib(btCollisionAlgorithm.obj)' or at 'C:\Users\ksj\Documents\Visual Studio 2013\Projects\shin\final\Debug\libbulletcollision_12d.pdb'; linking object as if no debug info
     1>rxSDK_12d.lib(btDbvt.obj) : warning LNK4099: PDB 'libbulletcollision_12d.pdb' was not found with 'rxSDK_12d.lib(btDbvt.obj)' or at 'C:\Users\ksj\Documents\Visual Studio 2013\Projects\shin\final\Debug\libbulletcollision_12d.pdb'; linking object as if no debug info
     1>rxSDK_12d.lib(btDbvtBroadphase.obj) : warning LNK4099: PDB 'libbulletcollision_12d.pdb' was not found with 'rxSDK_12d.lib(btDbvtBroadphase.obj)' or at 'C:\Users\ksj\Documents\Visual Studio 2013\Projects\shin\final\Debug\libbulletcollision_12d.pdb'; linking object as if no debug info
     1>rxSDK_12d.lib(btDispatcher.obj) : warning LNK4099: PDB 'libbulletcollision_12d.pdb' was not found with 'rxSDK_12d.lib(btDispatcher.obj)' or at 'C:\Users\ksj\Documents\Visual Studio 2013\Projects\shin\final\Debug\libbulletcollision_12d.pdb'; linking object as if no debug info
     1>rxSDK_12d.lib(btOverlappingPairCache.obj) : warning LNK4099: PDB 'libbulletcollision_12d.pdb' was not found with 'rxSDK_12d.lib(btOverlappingPairCache.obj)' or at 'C:\Users\ksj\Documents\Visual Studio 2013\Projects\shin\final\Debug\libbulletcollision_12d.pdb'; linking object as if no debug info
     1>rxSDK_12d.lib(btQuantizedBvh.obj) : warning LNK4099: PDB 'libbulletcollision_12d.pdb' was not found with 'rxSDK_12d.lib(btQuantizedBvh.obj)' or at 'C:\Users\ksj\Documents\Visual Studio 2013\Projects\shin\final\Debug\libbulletcollision_12d.pdb'; linking object as if no debug info
     1>rxSDK_12d.lib(btActivatingCollisionAlgorithm.obj) : warning LNK4099: PDB 'libbulletcollision_12d.pdb' was not found with 'rxSDK_12d.lib(btActivatingCollisionAlgorithm.obj)' or at 'C:\Users\ksj\Documents\Visual Studio 2013\Projects\shin\final\Debug\libbulletcollision_12d.pdb'; linking object as if no debug info
     1>rxSDK_12d.lib(btBoxBoxCollisionAlgorithm.obj) : warning LNK4099: PDB 'libbulletcollision_12d.pdb' was not found with 'rxSDK_12d.lib(btBoxBoxCollisionAlgorithm.obj)' or at 'C:\Users\ksj\Documents\Visual Studio 2013\Projects\shin\final\Debug\libbulletcollision_12d.pdb'; linking object as if no debug info
     1>rxSDK_12d.lib(btBoxBoxDetector.obj) : warning LNK4099: PDB 'libbulletcollision_12d.pdb' was not found with 'rxSDK_12d.lib(btBoxBoxDetector.obj)' or at 'C:\Users\ksj\Documents\Visual Studio 2013\Projects\shin\final\Debug\libbulletcollision_12d.pdb'; linking object as if no debug info
     1>rxSDK_12d.lib(btCollisionDispatcher.obj) : warning LNK4099: PDB 'libbulletcollision_12d.pdb' was not found with 'rxSDK_12d.lib(btCollisionDispatcher.obj)' or at 'C:\Users\ksj\Documents\Visual Studio 2013\Projects\shin\final\Debug\libbulletcollision_12d.pdb'; linking object as if no debug info
     1>rxSDK_12d.lib(btCollisionObject.obj) : warning LNK4099: PDB 'libbulletcollision_12d.pdb' was not found with 'rxSDK_12d.lib(btCollisionObject.obj)' or at 'C:\Users\ksj\Documents\Visual Studio 2013\Projects\shin\final\Debug\libbulletcollision_12d.pdb'; linking object as if no debug info
     1>rxSDK_12d.lib(btCollisionWorld.obj) : warning LNK4099: PDB 'libbulletcollision_12d.pdb' was not found with 'rxSDK_12d.lib(btCollisionWorld.obj)' or at 'C:\Users\ksj\Documents\Visual Studio 2013\Projects\shin\final\Debug\libbulletcollision_12d.pdb'; linking object as if no debug info
     1>rxSDK_12d.lib(btCompoundCollisionAlgorithm.obj) : warning LNK4099: PDB 'libbulletcollision_12d.pdb' was not found with 'rxSDK_12d.lib(btCompoundCollisionAlgorithm.obj)' or at 'C:\Users\ksj\Documents\Visual Studio 2013\Projects\shin\final\Debug\libbulletcollision_12d.pdb'; linking object as if no debug info
     1>rxSDK_12d.lib(btConvexConcaveCollisionAlgorithm.obj) : warning LNK4099: PDB 'libbulletcollision_12d.pdb' was not found with 'rxSDK_12d.lib(btConvexConcaveCollisionAlgorithm.obj)' or at 'C:\Users\ksj\Documents\Visual Studio 2013\Projects\shin\final\Debug\libbulletcollision_12d.pdb'; linking object as if no debug info
     1>rxSDK_12d.lib(btConvexConvexAlgorithm.obj) : warning LNK4099: PDB 'libbulletcollision_12d.pdb' was not found with 'rxSDK_12d.lib(btConvexConvexAlgorithm.obj)' or at 'C:\Users\ksj\Documents\Visual Studio 2013\Projects\shin\final\Debug\libbulletcollision_12d.pdb'; linking object as if no debug info
     1>rxSDK_12d.lib(btConvexPlaneCollisionAlgorithm.obj) : warning LNK4099: PDB 'libbulletcollision_12d.pdb' was not found with 'rxSDK_12d.lib(btConvexPlaneCollisionAlgorithm.obj)' or at 'C:\Users\ksj\Documents\Visual Studio 2013\Projects\shin\final\Debug\libbulletcollision_12d.pdb'; linking object as if no debug info
     1>rxSDK_12d.lib(btDefaultCollisionConfiguration.obj) : warning LNK4099: PDB 'libbulletcollision_12d.pdb' was not found with 'rxSDK_12d.lib(btDefaultCollisionConfiguration.obj)' or at 'C:\Users\ksj\Documents\Visual Studio 2013\Projects\shin\final\Debug\libbulletcollision_12d.pdb'; linking object as if no debug info
     1>rxSDK_12d.lib(btEmptyCollisionAlgorithm.obj) : warning LNK4099: PDB 'libbulletcollision_12d.pdb' was not found with 'rxSDK_12d.lib(btEmptyCollisionAlgorithm.obj)' or at 'C:\Users\ksj\Documents\Visual Studio 2013\Projects\shin\final\Debug\libbulletcollision_12d.pdb'; linking object as if no debug info
     1>rxSDK_12d.lib(btManifoldResult.obj) : warning LNK4099: PDB 'libbulletcollision_12d.pdb' was not found with 'rxSDK_12d.lib(btManifoldResult.obj)' or at 'C:\Users\ksj\Documents\Visual Studio 2013\Projects\shin\final\Debug\libbulletcollision_12d.pdb'; linking object as if no debug info
     1>rxSDK_12d.lib(btSphereSphereCollisionAlgorithm.obj) : warning LNK4099: PDB 'libbulletcollision_12d.pdb' was not found with 'rxSDK_12d.lib(btSphereSphereCollisionAlgorithm.obj)' or at 'C:\Users\ksj\Documents\Visual Studio 2013\Projects\shin\final\Debug\libbulletcollision_12d.pdb'; linking object as if no debug info
     1>rxSDK_12d.lib(btSphereTriangleCollisionAlgorithm.obj) : warning LNK4099: PDB 'libbulletcollision_12d.pdb' was not found with 'rxSDK_12d.lib(btSphereTriangleCollisionAlgorithm.obj)' or at 'C:\Users\ksj\Documents\Visual Studio 2013\Projects\shin\final\Debug\libbulletcollision_12d.pdb'; linking object as if no debug info
     1>rxSDK_12d.lib(SphereTriangleDetector.obj) : warning LNK4099: PDB 'libbulletcollision_12d.pdb' was not found with 'rxSDK_12d.lib(SphereTriangleDetector.obj)' or at 'C:\Users\ksj\Documents\Visual Studio 2013\Projects\shin\final\Debug\libbulletcollision_12d.pdb'; linking object as if no debug info
     1>rxSDK_12d.lib(btBoxShape.obj) : warning LNK4099: PDB 'libbulletcollision_12d.pdb' was not found with 'rxSDK_12d.lib(btBoxShape.obj)' or at 'C:\Users\ksj\Documents\Visual Studio 2013\Projects\shin\final\Debug\libbulletcollision_12d.pdb'; linking object as if no debug info
     1>rxSDK_12d.lib(btBvhTriangleMeshShape.obj) : warning LNK4099: PDB 'libbulletcollision_12d.pdb' was not found with 'rxSDK_12d.lib(btBvhTriangleMeshShape.obj)' or at 'C:\Users\ksj\Documents\Visual Studio 2013\Projects\shin\final\Debug\libbulletcollision_12d.pdb'; linking object as if no debug info
     1>rxSDK_12d.lib(btCapsuleShape.obj) : warning LNK4099: PDB 'libbulletcollision_12d.pdb' was not found with 'rxSDK_12d.lib(btCapsuleShape.obj)' or at 'C:\Users\ksj\Documents\Visual Studio 2013\Projects\shin\final\Debug\libbulletcollision_12d.pdb'; linking object as if no debug info
     1>rxSDK_12d.lib(btCollisionShape.obj) : warning LNK4099: PDB 'libbulletcollision_12d.pdb' was not found with 'rxSDK_12d.lib(btCollisionShape.obj)' or at 'C:\Users\ksj\Documents\Visual Studio 2013\Projects\shin\final\Debug\libbulletcollision_12d.pdb'; linking object as if no debug info
     1>rxSDK_12d.lib(btConcaveShape.obj) : warning LNK4099: PDB 'libbulletcollision_12d.pdb' was not found with 'rxSDK_12d.lib(btConcaveShape.obj)' or at 'C:\Users\ksj\Documents\Visual Studio 2013\Projects\shin\final\Debug\libbulletcollision_12d.pdb'; linking object as if no debug info
     1>rxSDK_12d.lib(btConeShape.obj) : warning LNK4099: PDB 'libbulletcollision_12d.pdb' was not found with 'rxSDK_12d.lib(btConeShape.obj)' or at 'C:\Users\ksj\Documents\Visual Studio 2013\Projects\shin\final\Debug\libbulletcollision_12d.pdb'; linking object as if no debug info
     1>rxSDK_12d.lib(btConvexHullShape.obj) : warning LNK4099: PDB 'libbulletcollision_12d.pdb' was not found with 'rxSDK_12d.lib(btConvexHullShape.obj)' or at 'C:\Users\ksj\Documents\Visual Studio 2013\Projects\shin\final\Debug\libbulletcollision_12d.pdb'; linking object as if no debug info
     1>rxSDK_12d.lib(btConvexInternalShape.obj) : warning LNK4099: PDB 'libbulletcollision_12d.pdb' was not found with 'rxSDK_12d.lib(btConvexInternalShape.obj)' or at 'C:\Users\ksj\Documents\Visual Studio 2013\Projects\shin\final\Debug\libbulletcollision_12d.pdb'; linking object as if no debug info
     1>rxSDK_12d.lib(btConvexPolyhedron.obj) : warning LNK4099: PDB 'libbulletcollision_12d.pdb' was not found with 'rxSDK_12d.lib(btConvexPolyhedron.obj)' or at 'C:\Users\ksj\Documents\Visual Studio 2013\Projects\shin\final\Debug\libbulletcollision_12d.pdb'; linking object as if no debug info
     1>rxSDK_12d.lib(btConvexShape.obj) : warning LNK4099: PDB 'libbulletcollision_12d.pdb' was not found with 'rxSDK_12d.lib(btConvexShape.obj)' or at 'C:\Users\ksj\Documents\Visual Studio 2013\Projects\shin\final\Debug\libbulletcollision_12d.pdb'; linking object as if no debug info
     1>rxSDK_12d.lib(btConvexTriangleMeshShape.obj) : warning LNK4099: PDB 'libbulletcollision_12d.pdb' was not found with 'rxSDK_12d.lib(btConvexTriangleMeshShape.obj)' or at 'C:\Users\ksj\Documents\Visual Studio 2013\Projects\shin\final\Debug\libbulletcollision_12d.pdb'; linking object as if no debug info
     1>rxSDK_12d.lib(btCylinderShape.obj) : warning LNK4099: PDB 'libbulletcollision_12d.pdb' was not found with 'rxSDK_12d.lib(btCylinderShape.obj)' or at 'C:\Users\ksj\Documents\Visual Studio 2013\Projects\shin\final\Debug\libbulletcollision_12d.pdb'; linking object as if no debug info
     1>rxSDK_12d.lib(btHeightfieldTerrainShape.obj) : warning LNK4099: PDB 'libbulletcollision_12d.pdb' was not found with 'rxSDK_12d.lib(btHeightfieldTerrainShape.obj)' or at 'C:\Users\ksj\Documents\Visual Studio 2013\Projects\shin\final\Debug\libbulletcollision_12d.pdb'; linking object as if no debug info
     1>rxSDK_12d.lib(btOptimizedBvh.obj) : warning LNK4099: PDB 'libbulletcollision_12d.pdb' was not found with 'rxSDK_12d.lib(btOptimizedBvh.obj)' or at 'C:\Users\ksj\Documents\Visual Studio 2013\Projects\shin\final\Debug\libbulletcollision_12d.pdb'; linking object as if no debug info
     1>rxSDK_12d.lib(btPolyhedralConvexShape.obj) : warning LNK4099: PDB 'libbulletcollision_12d.pdb' was not found with 'rxSDK_12d.lib(btPolyhedralConvexShape.obj)' or at 'C:\Users\ksj\Documents\Visual Studio 2013\Projects\shin\final\Debug\libbulletcollision_12d.pdb'; linking object as if no debug info
     1>rxSDK_12d.lib(btShapeHull.obj) : warning LNK4099: PDB 'libbulletcollision_12d.pdb' was not found with 'rxSDK_12d.lib(btShapeHull.obj)' or at 'C:\Users\ksj\Documents\Visual Studio 2013\Projects\shin\final\Debug\libbulletcollision_12d.pdb'; linking object as if no debug info
     1>rxSDK_12d.lib(btSphereShape.obj) : warning LNK4099: PDB 'libbulletcollision_12d.pdb' was not found with 'rxSDK_12d.lib(btSphereShape.obj)' or at 'C:\Users\ksj\Documents\Visual Studio 2013\Projects\shin\final\Debug\libbulletcollision_12d.pdb'; linking object as if no debug info
     1>rxSDK_12d.lib(btStaticPlaneShape.obj) : warning LNK4099: PDB 'libbulletcollision_12d.pdb' was not found with 'rxSDK_12d.lib(btStaticPlaneShape.obj)' or at 'C:\Users\ksj\Documents\Visual Studio 2013\Projects\shin\final\Debug\libbulletcollision_12d.pdb'; linking object as if no debug info
     1>rxSDK_12d.lib(btStridingMeshInterface.obj) : warning LNK4099: PDB 'libbulletcollision_12d.pdb' was not found with 'rxSDK_12d.lib(btStridingMeshInterface.obj)' or at 'C:\Users\ksj\Documents\Visual Studio 2013\Projects\shin\final\Debug\libbulletcollision_12d.pdb'; linking object as if no debug info
     1>rxSDK_12d.lib(btTetrahedronShape.obj) : warning LNK4099: PDB 'libbulletcollision_12d.pdb' was not found with 'rxSDK_12d.lib(btTetrahedronShape.obj)' or at 'C:\Users\ksj\Documents\Visual Studio 2013\Projects\shin\final\Debug\libbulletcollision_12d.pdb'; linking object as if no debug info
     1>rxSDK_12d.lib(btTriangleCallback.obj) : warning LNK4099: PDB 'libbulletcollision_12d.pdb' was not found with 'rxSDK_12d.lib(btTriangleCallback.obj)' or at 'C:\Users\ksj\Documents\Visual Studio 2013\Projects\shin\final\Debug\libbulletcollision_12d.pdb'; linking object as if no debug info
     1>rxSDK_12d.lib(btTriangleIndexVertexArray.obj) : warning LNK4099: PDB 'libbulletcollision_12d.pdb' was not found with 'rxSDK_12d.lib(btTriangleIndexVertexArray.obj)' or at 'C:\Users\ksj\Documents\Visual Studio 2013\Projects\shin\final\Debug\libbulletcollision_12d.pdb'; linking object as if no debug info
     1>rxSDK_12d.lib(btTriangleMeshShape.obj) : warning LNK4099: PDB 'libbulletcollision_12d.pdb' was not found with 'rxSDK_12d.lib(btTriangleMeshShape.obj)' or at 'C:\Users\ksj\Documents\Visual Studio 2013\Projects\shin\final\Debug\libbulletcollision_12d.pdb'; linking object as if no debug info
     1>rxSDK_12d.lib(btGImpactCollisionAlgorithm.obj) : warning LNK4099: PDB 'libbulletcollision_12d.pdb' was not found with 'rxSDK_12d.lib(btGImpactCollisionAlgorithm.obj)' or at 'C:\Users\ksj\Documents\Visual Studio 2013\Projects\shin\final\Debug\libbulletcollision_12d.pdb'; linking object as if no debug info
     1>rxSDK_12d.lib(btGImpactQuantizedBvh.obj) : warning LNK4099: PDB 'libbulletcollision_12d.pdb' was not found with 'rxSDK_12d.lib(btGImpactQuantizedBvh.obj)' or at 'C:\Users\ksj\Documents\Visual Studio 2013\Projects\shin\final\Debug\libbulletcollision_12d.pdb'; linking object as if no debug info
     1>rxSDK_12d.lib(btGImpactShape.obj) : warning LNK4099: PDB 'libbulletcollision_12d.pdb' was not found with 'rxSDK_12d.lib(btGImpactShape.obj)' or at 'C:\Users\ksj\Documents\Visual Studio 2013\Projects\shin\final\Debug\libbulletcollision_12d.pdb'; linking object as if no debug info
     1>rxSDK_12d.lib(btTriangleShapeEx.obj) : warning LNK4099: PDB 'libbulletcollision_12d.pdb' was not found with 'rxSDK_12d.lib(btTriangleShapeEx.obj)' or at 'C:\Users\ksj\Documents\Visual Studio 2013\Projects\shin\final\Debug\libbulletcollision_12d.pdb'; linking object as if no debug info
     1>rxSDK_12d.lib(btContinuousConvexCollision.obj) : warning LNK4099: PDB 'libbulletcollision_12d.pdb' was not found with 'rxSDK_12d.lib(btContinuousConvexCollision.obj)' or at 'C:\Users\ksj\Documents\Visual Studio 2013\Projects\shin\final\Debug\libbulletcollision_12d.pdb'; linking object as if no debug info
     1>rxSDK_12d.lib(btConvexCast.obj) : warning LNK4099: PDB 'libbulletcollision_12d.pdb' was not found with 'rxSDK_12d.lib(btConvexCast.obj)' or at 'C:\Users\ksj\Documents\Visual Studio 2013\Projects\shin\final\Debug\libbulletcollision_12d.pdb'; linking object as if no debug info
     1>rxSDK_12d.lib(btGjkConvexCast.obj) : warning LNK4099: PDB 'libbulletcollision_12d.pdb' was not found with 'rxSDK_12d.lib(btGjkConvexCast.obj)' or at 'C:\Users\ksj\Documents\Visual Studio 2013\Projects\shin\final\Debug\libbulletcollision_12d.pdb'; linking object as if no debug info
     1>rxSDK_12d.lib(btGjkEpa2.obj) : warning LNK4099: PDB 'libbulletcollision_12d.pdb' was not found with 'rxSDK_12d.lib(btGjkEpa2.obj)' or at 'C:\Users\ksj\Documents\Visual Studio 2013\Projects\shin\final\Debug\libbulletcollision_12d.pdb'; linking object as if no debug info
     1>rxSDK_12d.lib(btGjkEpaPenetrationDepthSolver.obj) : warning LNK4099: PDB 'libbulletcollision_12d.pdb' was not found with 'rxSDK_12d.lib(btGjkEpaPenetrationDepthSolver.obj)' or at 'C:\Users\ksj\Documents\Visual Studio 2013\Projects\shin\final\Debug\libbulletcollision_12d.pdb'; linking object as if no debug info
     1>rxSDK_12d.lib(btGjkPairDetector.obj) : warning LNK4099: PDB 'libbulletcollision_12d.pdb' was not found with 'rxSDK_12d.lib(btGjkPairDetector.obj)' or at 'C:\Users\ksj\Documents\Visual Studio 2013\Projects\shin\final\Debug\libbulletcollision_12d.pdb'; linking object as if no debug info
     1>rxSDK_12d.lib(btMinkowskiPenetrationDepthSolver.obj) : warning LNK4099: PDB 'libbulletcollision_12d.pdb' was not found with 'rxSDK_12d.lib(btMinkowskiPenetrationDepthSolver.obj)' or at 'C:\Users\ksj\Documents\Visual Studio 2013\Projects\shin\final\Debug\libbulletcollision_12d.pdb'; linking object as if no debug info
     1>rxSDK_12d.lib(btPersistentManifold.obj) : warning LNK4099: PDB 'libbulletcollision_12d.pdb' was not found with 'rxSDK_12d.lib(btPersistentManifold.obj)' or at 'C:\Users\ksj\Documents\Visual Studio 2013\Projects\shin\final\Debug\libbulletcollision_12d.pdb'; linking object as if no debug info
     1>rxSDK_12d.lib(btPolyhedralContactClipping.obj) : warning LNK4099: PDB 'libbulletcollision_12d.pdb' was not found with 'rxSDK_12d.lib(btPolyhedralContactClipping.obj)' or at 'C:\Users\ksj\Documents\Visual Studio 2013\Projects\shin\final\Debug\libbulletcollision_12d.pdb'; linking object as if no debug info
     1>rxSDK_12d.lib(btRaycastCallback.obj) : warning LNK4099: PDB 'libbulletcollision_12d.pdb' was not found with 'rxSDK_12d.lib(btRaycastCallback.obj)' or at 'C:\Users\ksj\Documents\Visual Studio 2013\Projects\shin\final\Debug\libbulletcollision_12d.pdb'; linking object as if no debug info
     1>rxSDK_12d.lib(btSubSimplexConvexCast.obj) : warning LNK4099: PDB 'libbulletcollision_12d.pdb' was not found with 'rxSDK_12d.lib(btSubSimplexConvexCast.obj)' or at 'C:\Users\ksj\Documents\Visual Studio 2013\Projects\shin\final\Debug\libbulletcollision_12d.pdb'; linking object as if no debug info
     1>rxSDK_12d.lib(btVoronoiSimplexSolver.obj) : warning LNK4099: PDB 'libbulletcollision_12d.pdb' was not found with 'rxSDK_12d.lib(btVoronoiSimplexSolver.obj)' or at 'C:\Users\ksj\Documents\Visual Studio 2013\Projects\shin\final\Debug\libbulletcollision_12d.pdb'; linking object as if no debug info
     1>rxSDK_12d.lib(rCollisionRay.obj) : warning LNK4099: PDB 'rcollision_12d.pdb' was not found with 'rxSDK_12d.lib(rCollisionRay.obj)' or at 'C:\Users\ksj\Documents\Visual Studio 2013\Projects\shin\final\Debug\rcollision_12d.pdb'; linking object as if no debug info
     1>rxSDK_12d.lib(rCollisionPair.obj) : warning LNK4099: PDB 'rcollision_12d.pdb' was not found with 'rxSDK_12d.lib(rCollisionPair.obj)' or at 'C:\Users\ksj\Documents\Visual Studio 2013\Projects\shin\final\Debug\rcollision_12d.pdb'; linking object as if no debug info
     1>rxSDK_12d.lib(rCollisionObjectBullet.obj) : warning LNK4099: PDB 'rcollision_12d.pdb' was not found with 'rxSDK_12d.lib(rCollisionObjectBullet.obj)' or at 'C:\Users\ksj\Documents\Visual Studio 2013\Projects\shin\final\Debug\rcollision_12d.pdb'; linking object as if no debug info
     1>rxSDK_12d.lib(rCollisionObject.obj) : warning LNK4099: PDB 'rcollision_12d.pdb' was not found with 'rxSDK_12d.lib(rCollisionObject.obj)' or at 'C:\Users\ksj\Documents\Visual Studio 2013\Projects\shin\final\Debug\rcollision_12d.pdb'; linking object as if no debug info
     1>rxSDK_12d.lib(rCollisionDesc.obj) : warning LNK4099: PDB 'rcollision_12d.pdb' was not found with 'rxSDK_12d.lib(rCollisionDesc.obj)' or at 'C:\Users\ksj\Documents\Visual Studio 2013\Projects\shin\final\Debug\rcollision_12d.pdb'; linking object as if no debug info
     1>rxSDK_12d.lib(rCollisionBullet.obj) : warning LNK4099: PDB 'rcollision_12d.pdb' was not found with 'rxSDK_12d.lib(rCollisionBullet.obj)' or at 'C:\Users\ksj\Documents\Visual Studio 2013\Projects\shin\final\Debug\rcollision_12d.pdb'; linking object as if no debug info
     1>rxSDK_12d.lib(rCollision.obj) : warning LNK4099: PDB 'rcollision_12d.pdb' was not found with 'rxSDK_12d.lib(rCollision.obj)' or at 'C:\Users\ksj\Documents\Visual Studio 2013\Projects\shin\final\Debug\rcollision_12d.pdb'; linking object as if no debug info
     1>rxSDK_12d.lib(extBtCollisionObject.obj) : warning LNK4099: PDB 'rcollision_12d.pdb' was not found with 'rxSDK_12d.lib(extBtCollisionObject.obj)' or at 'C:\Users\ksj\Documents\Visual Studio 2013\Projects\shin\final\Debug\rcollision_12d.pdb'; linking object as if no debug info
     1>rxSDK_12d.lib(FTSensor.obj) : warning LNK4099: PDB 'rphysics_12d.pdb' was not found with 'rxSDK_12d.lib(FTSensor.obj)' or at 'C:\Users\ksj\Documents\Visual Studio 2013\Projects\shin\final\Debug\rphysics_12d.pdb'; linking object as if no debug info
     1>rxSDK_12d.lib(Device.obj) : warning LNK4099: PDB 'rphysics_12d.pdb' was not found with 'rxSDK_12d.lib(Device.obj)' or at 'C:\Users\ksj\Documents\Visual Studio 2013\Projects\shin\final\Debug\rphysics_12d.pdb'; linking object as if no debug info
     1>rxSDK_12d.lib(Accelerometer.obj) : warning LNK4099: PDB 'rphysics_12d.pdb' was not found with 'rxSDK_12d.lib(Accelerometer.obj)' or at 'C:\Users\ksj\Documents\Visual Studio 2013\Projects\shin\final\Debug\rphysics_12d.pdb'; linking object as if no debug info
     1>rxSDK_12d.lib(PenetrationSolver.obj) : warning LNK4099: PDB 'rphysics_12d.pdb' was not found with 'rxSDK_12d.lib(PenetrationSolver.obj)' or at 'C:\Users\ksj\Documents\Visual Studio 2013\Projects\shin\final\Debug\rphysics_12d.pdb'; linking object as if no debug info
     1>rxSDK_12d.lib(LemkeSolver.obj) : warning LNK4099: PDB 'rphysics_12d.pdb' was not found with 'rxSDK_12d.lib(LemkeSolver.obj)' or at 'C:\Users\ksj\Documents\Visual Studio 2013\Projects\shin\final\Debug\rphysics_12d.pdb'; linking object as if no debug info
     1>rxSDK_12d.lib(DESolver.obj) : warning LNK4099: PDB 'rphysics_12d.pdb' was not found with 'rxSDK_12d.lib(DESolver.obj)' or at 'C:\Users\ksj\Documents\Visual Studio 2013\Projects\shin\final\Debug\rphysics_12d.pdb'; linking object as if no debug info
     1>rxSDK_12d.lib(ConstraintSolver.obj) : warning LNK4099: PDB 'rphysics_12d.pdb' was not found with 'rxSDK_12d.lib(ConstraintSolver.obj)' or at 'C:\Users\ksj\Documents\Visual Studio 2013\Projects\shin\final\Debug\rphysics_12d.pdb'; linking object as if no debug info
     1>rxSDK_12d.lib(ConstraintInfo.obj) : warning LNK4099: PDB 'rphysics_12d.pdb' was not found with 'rxSDK_12d.lib(ConstraintInfo.obj)' or at 'C:\Users\ksj\Documents\Visual Studio 2013\Projects\shin\final\Debug\rphysics_12d.pdb'; linking object as if no debug info
     1>rxSDK_12d.lib(SleepChecker.obj) : warning LNK4099: PDB 'rphysics_12d.pdb' was not found with 'rxSDK_12d.lib(SleepChecker.obj)' or at 'C:\Users\ksj\Documents\Visual Studio 2013\Projects\shin\final\Debug\rphysics_12d.pdb'; linking object as if no debug info
     1>rxSDK_12d.lib(Simulator.obj) : warning LNK4099: PDB 'rphysics_12d.pdb' was not found with 'rxSDK_12d.lib(Simulator.obj)' or at 'C:\Users\ksj\Documents\Visual Studio 2013\Projects\shin\final\Debug\rphysics_12d.pdb'; linking object as if no debug info
     1>rxSDK_12d.lib(RungeKutta.obj) : warning LNK4099: PDB 'rphysics_12d.pdb' was not found with 'rxSDK_12d.lib(RungeKutta.obj)' or at 'C:\Users\ksj\Documents\Visual Studio 2013\Projects\shin\final\Debug\rphysics_12d.pdb'; linking object as if no debug info
     1>rxSDK_12d.lib(RollBack.obj) : warning LNK4099: PDB 'rphysics_12d.pdb' was not found with 'rxSDK_12d.lib(RollBack.obj)' or at 'C:\Users\ksj\Documents\Visual Studio 2013\Projects\shin\final\Debug\rphysics_12d.pdb'; linking object as if no debug info
     1>rxSDK_12d.lib(MuntheKaas.obj) : warning LNK4099: PDB 'rphysics_12d.pdb' was not found with 'rxSDK_12d.lib(MuntheKaas.obj)' or at 'C:\Users\ksj\Documents\Visual Studio 2013\Projects\shin\final\Debug\rphysics_12d.pdb'; linking object as if no debug info
     1>rxSDK_12d.lib(JointLimitInfo.obj) : warning LNK4099: PDB 'rphysics_12d.pdb' was not found with 'rxSDK_12d.lib(JointLimitInfo.obj)' or at 'C:\Users\ksj\Documents\Visual Studio 2013\Projects\shin\final\Debug\rphysics_12d.pdb'; linking object as if no debug info
     1>rxSDK_12d.lib(GSimulator.obj) : warning LNK4099: PDB 'rphysics_12d.pdb' was not found with 'rxSDK_12d.lib(GSimulator.obj)' or at 'C:\Users\ksj\Documents\Visual Studio 2013\Projects\shin\final\Debug\rphysics_12d.pdb'; linking object as if no debug info
     1>rxSDK_12d.lib(GeometryHelper.obj) : warning LNK4099: PDB 'rphysics_12d.pdb' was not found with 'rxSDK_12d.lib(GeometryHelper.obj)' or at 'C:\Users\ksj\Documents\Visual Studio 2013\Projects\shin\final\Debug\rphysics_12d.pdb'; linking object as if no debug info
     1>rxSDK_12d.lib(ForwardDynamics.obj) : warning LNK4099: PDB 'rphysics_12d.pdb' was not found with 'rxSDK_12d.lib(ForwardDynamics.obj)' or at 'C:\Users\ksj\Documents\Visual Studio 2013\Projects\shin\final\Debug\rphysics_12d.pdb'; linking object as if no debug info
     1>rxSDK_12d.lib(EffectiveContactDynamics.obj) : warning LNK4099: PDB 'rphysics_12d.pdb' was not found with 'rxSDK_12d.lib(EffectiveContactDynamics.obj)' or at 'C:\Users\ksj\Documents\Visual Studio 2013\Projects\shin\final\Debug\rphysics_12d.pdb'; linking object as if no debug info
     1>rxSDK_12d.lib(ContactInfo.obj) : warning LNK4099: PDB 'rphysics_12d.pdb' was not found with 'rxSDK_12d.lib(ContactInfo.obj)' or at 'C:\Users\ksj\Documents\Visual Studio 2013\Projects\shin\final\Debug\rphysics_12d.pdb'; linking object as if no debug info
     1>rxSDK_12d.lib(AMBSForwardDynamics.obj) : warning LNK4099: PDB 'rphysics_12d.pdb' was not found with 'rxSDK_12d.lib(AMBSForwardDynamics.obj)' or at 'C:\Users\ksj\Documents\Visual Studio 2013\Projects\shin\final\Debug\rphysics_12d.pdb'; linking object as if no debug info
     1>rxSDK_12d.lib(PhysicsInteractor.obj) : warning LNK4099: PDB 'ruinteractivity_12d.pdb' was not found with 'rxSDK_12d.lib(PhysicsInteractor.obj)' or at 'C:\Users\ksj\Documents\Visual Studio 2013\Projects\shin\final\Debug\ruinteractivity_12d.pdb'; linking object as if no debug info
     1>rxSDK_12d.lib(rxWorldSecure.obj) : warning LNK4099: PDB 'rxsdksecure_12d.pdb' was not found with 'rxSDK_12d.lib(rxWorldSecure.obj)' or at 'C:\Users\ksj\Documents\Visual Studio 2013\Projects\shin\final\Debug\rxsdksecure_12d.pdb'; linking object as if no debug info
         final.vcxproj -> C:\Users\ksj\Documents\Visual Studio 2013\Projects\shin\final\Debug\final.exe
     1>Done Building Project "C:\Users\ksj\Documents\Visual Studio 2013\Projects\shin\final\final\final.vcxproj" (Build target(s)).

Build succeeded.

Time Elapsed 00:00:05.23
